<?xml version="1.0" encoding="UTF-8"?>
<testsuite name="ru.netology.postman.PostmanEchoTest" tests="1" skipped="0" failures="0" errors="0" timestamp="2022-09-09T18:44:10" hostname="DESKTOP-5PA07RQ" time="2.287">
  <properties/>
  <testcase name="shouldReturnBody()" classname="ru.netology.postman.PostmanEchoTest" time="2.287"/>
  <system-out><![CDATA[]]></system-out>
  <system-err><![CDATA[]]></system-err>
</testsuite>
